Watching for file changes with StatReloader
Not Found: /api/v1/notes/popular/
Not Found: /api/v1/notes/recent/
Not Found: /api/v1/notes/categories/
"GET /api/v1/notes/recent/ HTTP/1.1" 404 2785
"GET /api/v1/notes/categories/ HTTP/1.1" 404 2797
"GET /api/v1/notes/popular/ HTTP/1.1" 404 2788
Not Found: /api/v1/notes/popular/
Not Found: /api/v1/notes/categories/
Not Found: /api/v1/notes/recent/
"GET /api/v1/notes/categories/ HTTP/1.1" 404 2797
"GET /api/v1/notes/popular/ HTTP/1.1" 404 2788
"GET /api/v1/notes/recent/ HTTP/1.1" 404 2785
Not Found: /api/v1/notes/recent/
Not Found: /api/v1/notes/popular/
Not Found: /api/v1/notes/categories/
"GET /api/v1/notes/popular/ HTTP/1.1" 404 2788
"GET /api/v1/notes/recent/ HTTP/1.1" 404 2785
"GET /api/v1/notes/categories/ HTTP/1.1" 404 2797
Not Found: /api/v1/notes/recent/
Not Found: /api/v1/notes/popular/
Not Found: /api/v1/notes/categories/
"GET /api/v1/notes/recent/ HTTP/1.1" 404 2785
"GET /api/v1/notes/popular/ HTTP/1.1" 404 2788
"GET /api/v1/notes/categories/ HTTP/1.1" 404 2797
Not Found: /api/v1/notes/popular/
Not Found: /api/v1/notes/recent/
Not Found: /api/v1/notes/categories/
"GET /api/v1/notes/recent/ HTTP/1.1" 404 2785
"GET /api/v1/notes/popular/ HTTP/1.1" 404 2788
"GET /api/v1/notes/categories/ HTTP/1.1" 404 2797
Not Found: /api/v1/notes/popular/
Not Found: /api/v1/notes/categories/
"GET /api/v1/notes/popular/ HTTP/1.1" 404 2788
Not Found: /api/v1/notes/recent/
"GET /api/v1/notes/categories/ HTTP/1.1" 404 2797
"GET /api/v1/notes/recent/ HTTP/1.1" 404 2785
Not Found: /api/v1/notes/popular/
Not Found: /api/v1/notes/categories/
"GET /api/v1/notes/popular/ HTTP/1.1" 404 2788
"GET /api/v1/notes/categories/ HTTP/1.1" 404 2797
Not Found: /api/v1/notes/recent/
"GET /api/v1/notes/recent/ HTTP/1.1" 404 2785
C:\develop\drf\pj1\backend\apps\notes_app\urls.py changed, reloading.
Watching for file changes with StatReloader
Not Found: /api/v1/notes/categories/
Not Found: /api/v1/notes/popular/
Not Found: /api/v1/notes/recent/
"GET /api/v1/notes/categories/ HTTP/1.1" 404 2798
"GET /api/v1/notes/popular/ HTTP/1.1" 404 2789
"GET /api/v1/notes/recent/ HTTP/1.1" 404 2786
Not Found: /api/v1/notes/recent/
Not Found: /api/v1/notes/popular/
Not Found: /api/v1/notes/categories/
"GET /api/v1/notes/recent/ HTTP/1.1" 404 2786
"GET /api/v1/notes/popular/ HTTP/1.1" 404 2789
"GET /api/v1/notes/categories/ HTTP/1.1" 404 2798
Not Found: /api/v1/notes/categories/
Not Found: /api/v1/notes/
"GET /api/v1/notes/categories/ HTTP/1.1" 404 2798
"GET /api/v1/notes/?status=published&ordering=-created_at&page=1&page_size=20 HTTP/1.1" 404 2835
Not Found: /api/v1/notes/recent/
Not Found: /api/v1/notes/popular/
Not Found: /api/v1/notes/categories/
"GET /api/v1/notes/popular/ HTTP/1.1" 404 2789
"GET /api/v1/notes/recent/ HTTP/1.1" 404 2786
"GET /api/v1/notes/categories/ HTTP/1.1" 404 2798
Not Found: /api/v1/notes/popular/
Not Found: /api/v1/notes/recent/
Not Found: /api/v1/notes/categories/
"GET /api/v1/notes/popular/ HTTP/1.1" 404 2789
"GET /api/v1/notes/recent/ HTTP/1.1" 404 2786
"GET /api/v1/notes/categories/ HTTP/1.1" 404 2798
Not Found: /api/v1/notes/categories/
Not Found: /api/v1/notes/
"GET /api/v1/notes/?status=published&ordering=-created_at&page=1&page_size=20 HTTP/1.1" 404 2835
"GET /api/v1/notes/categories/ HTTP/1.1" 404 2798
Not Found: /api/v1/notes/
"GET /api/v1/notes/?status=published&ordering=-created_at&page=1&page_size=20 HTTP/1.1" 404 2835
Not Found: /api/v1/notes/popular/
Not Found: /api/v1/notes/recent/
Not Found: /api/v1/notes/categories/
"GET /api/v1/notes/recent/ HTTP/1.1" 404 2786
"GET /api/v1/notes/categories/ HTTP/1.1" 404 2798
"GET /api/v1/notes/popular/ HTTP/1.1" 404 2789
Not Found: /api/v1/notes/categories/
"GET /api/v1/notes/categories/ HTTP/1.1" 404 2798
Not Found: /api/v1/notes/categories/
Not Found: /api/v1/notes/recent/
"GET /api/v1/notes/categories/ HTTP/1.1" 404 2798
Not Found: /api/v1/notes/popular/
"GET /api/v1/notes/recent/ HTTP/1.1" 404 2786
"GET /api/v1/notes/popular/ HTTP/1.1" 404 2789
Not Found: /api/v1/notes/popular/
Not Found: /api/v1/notes/categories/
"GET /api/v1/notes/popular/ HTTP/1.1" 404 2789
Not Found: /api/v1/notes/recent/
"GET /api/v1/notes/categories/ HTTP/1.1" 404 2798
"GET /api/v1/notes/recent/ HTTP/1.1" 404 2786
Not Found: /api/v1/notes/popular/
Not Found: /api/v1/notes/categories/
"GET /api/v1/notes/popular/ HTTP/1.1" 404 2789
Not Found: /api/v1/notes/recent/
"GET /api/v1/notes/categories/ HTTP/1.1" 404 2798
"GET /api/v1/notes/recent/ HTTP/1.1" 404 2786
Not Found: /api/v1/notes/
Not Found: /api/v1/notes/categories/
"GET /api/v1/notes/categories/ HTTP/1.1" 404 2798
"GET /api/v1/notes/?search=%D0%B0%D1%83&status=published&ordering=-created_at&page=1&page_size=20 HTTP/1.1" 404 2859
Not Found: /
"GET / HTTP/1.1" 404 2306
Not Found: /favicon.ico
- Broken pipe from ('127.0.0.1', 4751)
"GET /admin/ HTTP/1.1" 200 7834
"GET /static/admin/css/base.css HTTP/1.1" 304 0
"GET /static/admin/css/dark_mode.css HTTP/1.1" 304 0
"GET /static/admin/js/nav_sidebar.js HTTP/1.1" 304 0
"GET /static/admin/js/theme.js HTTP/1.1" 304 0
"GET /static/admin/css/nav_sidebar.css HTTP/1.1" 304 0
"GET /static/admin/css/dashboard.css HTTP/1.1" 304 0
"GET /static/admin/css/responsive.css HTTP/1.1" 304 0
"GET /static/admin/img/icon-changelink.svg HTTP/1.1" 200 978
"GET /static/admin/img/icon-addlink.svg HTTP/1.1" 200 593
"GET /admin/notes_app/note/ HTTP/1.1" 200 12773
"GET /static/admin/js/admin/RelatedObjectLookups.js HTTP/1.1" 304 0
"GET /static/admin/css/changelists.css HTTP/1.1" 304 0
"GET /static/admin/js/vendor/jquery/jquery.js HTTP/1.1" 304 0
"GET /static/admin/js/core.js HTTP/1.1" 304 0
"GET /static/admin/js/jquery.init.js HTTP/1.1" 304 0
"GET /static/admin/js/actions.js HTTP/1.1" 304 0
"GET /static/admin/js/urlify.js HTTP/1.1" 304 0
"GET /static/admin/js/prepopulate.js HTTP/1.1" 304 0
"GET /static/admin/js/vendor/xregexp/xregexp.js HTTP/1.1" 304 0
"GET /static/admin/js/filters.js HTTP/1.1" 200 978
"GET /admin/jsi18n/ HTTP/1.1" 200 3342
"GET /static/admin/img/search.svg HTTP/1.1" 200 607
"GET /static/admin/img/tooltag-add.svg HTTP/1.1" 200 593
"GET /static/admin/img/icon-viewlink.svg HTTP/1.1" 200 928
"GET /admin/notes_app/note/ HTTP/1.1" 200 12773
"GET /admin/jsi18n/ HTTP/1.1" 200 3342
Not Found: /api/v1/notes/
"GET /api/v1/notes/?status=published&ordering=-created_at&page=1&page_size=20 HTTP/1.1" 404 2835
Not Found: /api/v1/notes/popular/
Not Found: /api/v1/notes/recent/
Not Found: /api/v1/notes/categories/
"GET /api/v1/notes/popular/ HTTP/1.1" 404 2789
"GET /api/v1/notes/recent/ HTTP/1.1" 404 2786
"GET /api/v1/notes/categories/ HTTP/1.1" 404 2798
Not Found: /api/v1/notes/categories/
Not Found: /api/v1/notes/
"GET /api/v1/notes/categories/ HTTP/1.1" 404 2798
"GET /api/v1/notes/?status=published&ordering=-created_at&page=1&page_size=20 HTTP/1.1" 404 2835
Not Found: /api/v1/notes/popular/
Not Found: /api/v1/notes/categories/
Not Found: /api/v1/notes/recent/
"GET /api/v1/notes/popular/ HTTP/1.1" 404 2789
"GET /api/v1/notes/categories/ HTTP/1.1" 404 2798
"GET /api/v1/notes/recent/ HTTP/1.1" 404 2786
Not Found: /api/v1/notes/popular/
Not Found: /api/v1/notes/recent/
Not Found: /api/v1/notes/categories/
"GET /api/v1/notes/popular/ HTTP/1.1" 404 2789
"GET /api/v1/notes/categories/ HTTP/1.1" 404 2798
"GET /api/v1/notes/recent/ HTTP/1.1" 404 2786
Not Found: /api/v1/notes/categories/
Not Found: /api/v1/notes/
"GET /api/v1/notes/?status=published&ordering=-created_at&page=1&page_size=20 HTTP/1.1" 404 2835
"GET /api/v1/notes/categories/ HTTP/1.1" 404 2798
Not Found: /api/v1/notes/popular/
Not Found: /api/v1/notes/recent/
Not Found: /api/v1/notes/categories/
"GET /api/v1/notes/popular/ HTTP/1.1" 404 2789
"GET /api/v1/notes/recent/ HTTP/1.1" 404 2786
"GET /api/v1/notes/categories/ HTTP/1.1" 404 2798
"GET /api/v1/notes HTTP/1.1" 301 0
"GET /api/v1/notes/ HTTP/1.1" 200 396
Not Found: /favicon.ico
"GET /favicon.ico HTTP/1.1" 404 2357
Not Found: /api/v1/notes/categories/
Not Found: /api/v1/notes/
"GET /api/v1/notes/?status=published&ordering=-created_at&page=1&page_size=20 HTTP/1.1" 404 2835
"GET /api/v1/notes/categories/ HTTP/1.1" 404 2798
Not Found: /api/v1/notes/popular/
Not Found: /api/v1/notes/categories/
"GET /api/v1/notes/popular/ HTTP/1.1" 404 2789
Not Found: /api/v1/notes/recent/
"GET /api/v1/notes/categories/ HTTP/1.1" 404 2798
"GET /api/v1/notes/recent/ HTTP/1.1" 404 2786
Not Found: /api/v1/notes/categories/
Not Found: /api/v1/notes/
"GET /api/v1/notes/categories/ HTTP/1.1" 404 2798
"GET /api/v1/notes/?status=published&ordering=-created_at&page=1&page_size=20 HTTP/1.1" 404 2835
Not Found: /api/v1/notes/categories/
"GET /api/v1/notes/categories/ HTTP/1.1" 404 2798
"GET /api/v1/notes/?status=published&ordering=-created_at&page=1&page_size=20 HTTP/1.1" 200 396
Not Found: /api/v1/notes/categories/
"GET /api/v1/notes/categories/ HTTP/1.1" 404 2798
"GET /api/v1/notes/?status=published&ordering=-created_at&page=1&page_size=20 HTTP/1.1" 200 396
Not Found: /api/v1/notes/popular/
Not Found: /api/v1/notes/recent/
"GET /api/v1/notes/popular/ HTTP/1.1" 404 2789
Not Found: /api/v1/notes/categories/
"GET /api/v1/notes/recent/ HTTP/1.1" 404 2786
"GET /api/v1/notes/categories/ HTTP/1.1" 404 2798
Not Found: /api/v1/notes/categories/
"GET /api/v1/notes/categories/ HTTP/1.1" 404 2798
"GET /api/v1/notes/?status=published&ordering=-created_at&page=1&page_size=20 HTTP/1.1" 200 396
Not Found: /api/v1/notes/recent/
Not Found: /api/v1/notes/popular/
Not Found: /api/v1/notes/categories/
"GET /api/v1/notes/popular/ HTTP/1.1" 404 2789
"GET /api/v1/notes/categories/ HTTP/1.1" 404 2798
"GET /api/v1/notes/recent/ HTTP/1.1" 404 2786
Not Found: /api/v1/notes/popular/
Not Found: /api/v1/notes/recent/
Not Found: /api/v1/notes/categories/
"GET /api/v1/notes/popular/ HTTP/1.1" 404 2789
"GET /api/v1/notes/recent/ HTTP/1.1" 404 2786
"GET /api/v1/notes/categories/ HTTP/1.1" 404 2798
Not Found: /api/v1/notes/popular/
Not Found: /api/v1/notes/recent/
Not Found: /api/v1/notes/categories/
"GET /api/v1/notes/popular/ HTTP/1.1" 404 2789
"GET /api/v1/notes/categories/ HTTP/1.1" 404 2798
"GET /api/v1/notes/recent/ HTTP/1.1" 404 2786
Not Found: /api/v1/notes/popular/
Not Found: /api/v1/notes/categories/
Not Found: /api/v1/notes/recent/
"GET /api/v1/notes/popular/ HTTP/1.1" 404 2789
"GET /api/v1/notes/categories/ HTTP/1.1" 404 2798
"GET /api/v1/notes/recent/ HTTP/1.1" 404 2786
Not Found: /api/v1/notes/popular/
Not Found: /api/v1/notes/recent/
"GET /api/v1/notes/popular/ HTTP/1.1" 404 2789
Not Found: /api/v1/notes/categories/
"GET /api/v1/notes/recent/ HTTP/1.1" 404 2786
"GET /api/v1/notes/categories/ HTTP/1.1" 404 2798
Not Found: /api/v1/notes/categories/
"GET /api/v1/notes/categories/ HTTP/1.1" 404 2798
"GET /api/v1/notes/?status=published&ordering=-created_at&page=1&page_size=20 HTTP/1.1" 200 396
"OPTIONS /api/v1/auth/register/ HTTP/1.1" 200 0
Not Found: /api/v1/auth/register/
"POST /api/v1/auth/register/ HTTP/1.1" 404 2790
Watching for file changes with StatReloader
"GET /api/v1/notes/ HTTP/1.1" 200 396
"POST /api/v1/notes/ HTTP/1.1" 201 176
"GET /api/v1/notes/ HTTP/1.1" 200 573
"GET /api/v1/notes/ HTTP/1.1" 200 573
"GET /api/v1/notes/ HTTP/1.1" 200 573
"GET /api/v1/notes/ HTTP/1.1" 200 573
"GET /api/v1/notes/ HTTP/1.1" 200 573
"GET /api/v1/notes/ HTTP/1.1" 200 573
"GET /api/v1/notes/ HTTP/1.1" 200 573
Watching for file changes with StatReloader
"GET /api/v1/notes/ HTTP/1.1" 200 573
"GET /api/v1/notes/ HTTP/1.1" 200 573
Watching for file changes with StatReloader
Not Found: /
"GET / HTTP/1.1" 404 2306
Not Found: /favicon.ico
- Broken pipe from ('127.0.0.1', 6938)
"GET /api/v1/notes/ HTTP/1.1" 200 573
"GET /api/v1/notes/4/ HTTP/1.1" 200 176
"GET /api/v1/notes/ HTTP/1.1" 200 573
"GET /api/v1/notes/ HTTP/1.1" 200 573
"GET /api/v1/notes/ HTTP/1.1" 200 573
